Сборка начата 03.06.2015 21:20:52.
     1>Проект "D:\Documents\GitHub\directx11\directx11\directx11.vcxproj" в узле 2 (целевые объекты Build).
     1>ClCompile:
         D:\Program Files\Microsoft Visual Studio 12.0\VC\bin\CL.exe /c /ZI /nologo /W3 /WX- /Od /Oy- /D WIN32 /D _DEBUG /D _WINDOWS /D _UNICODE /D UNICODE /Gm /EHsc /RTC1 /MDd /GS /fp:precise /Zc:wchar_t /Zc:forScope /Fo"Debug\\" /Fd"Debug\vc120.pdb" /Gd /TP /analyze- /errorReport:prompt graphicclass.cpp
         graphicclass.cpp
     1>d:\program files\microsoft directx sdk (june 2010)\include\dxgitype.h(12): warning C4005: DXGI_STATUS_OCCLUDED: изменение макроопределения
                 c:\program files\windows kits\8.1\include\shared\winerror.h(50002): см. предыдущее определение "DXGI_STATUS_OCCLUDED"
     1>d:\program files\microsoft directx sdk (june 2010)\include\dxgitype.h(13): warning C4005: DXGI_STATUS_CLIPPED: изменение макроопределения
                 c:\program files\windows kits\8.1\include\shared\winerror.h(50011): см. предыдущее определение "DXGI_STATUS_CLIPPED"
     1>d:\program files\microsoft directx sdk (june 2010)\include\dxgitype.h(14): warning C4005: DXGI_STATUS_NO_REDIRECTION: изменение макроопределения
                 c:\program files\windows kits\8.1\include\shared\winerror.h(50020): см. предыдущее определение "DXGI_STATUS_NO_REDIRECTION"
     1>d:\program files\microsoft directx sdk (june 2010)\include\dxgitype.h(15): warning C4005: DXGI_STATUS_NO_DESKTOP_ACCESS: изменение макроопределения
                 c:\program files\windows kits\8.1\include\shared\winerror.h(50029): см. предыдущее определение "DXGI_STATUS_NO_DESKTOP_ACCESS"
     1>d:\program files\microsoft directx sdk (june 2010)\include\dxgitype.h(16): warning C4005: DXGI_STATUS_GRAPHICS_VIDPN_SOURCE_IN_USE: изменение макроопределения
                 c:\program files\windows kits\8.1\include\shared\winerror.h(50038): см. предыдущее определение "DXGI_STATUS_GRAPHICS_VIDPN_SOURCE_IN_USE"
     1>d:\program files\microsoft directx sdk (june 2010)\include\dxgitype.h(17): warning C4005: DXGI_STATUS_MODE_CHANGED: изменение макроопределения
                 c:\program files\windows kits\8.1\include\shared\winerror.h(50047): см. предыдущее определение "DXGI_STATUS_MODE_CHANGED"
     1>d:\program files\microsoft directx sdk (june 2010)\include\dxgitype.h(18): warning C4005: DXGI_STATUS_MODE_CHANGE_IN_PROGRESS: изменение макроопределения
                 c:\program files\windows kits\8.1\include\shared\winerror.h(50056): см. предыдущее определение "DXGI_STATUS_MODE_CHANGE_IN_PROGRESS"
     1>d:\program files\microsoft directx sdk (june 2010)\include\dxgitype.h(21): warning C4005: DXGI_ERROR_INVALID_CALL: изменение макроопределения
                 c:\program files\windows kits\8.1\include\shared\winerror.h(50071): см. предыдущее определение "DXGI_ERROR_INVALID_CALL"
     1>d:\program files\microsoft directx sdk (june 2010)\include\dxgitype.h(22): warning C4005: DXGI_ERROR_NOT_FOUND: изменение макроопределения
                 c:\program files\windows kits\8.1\include\shared\winerror.h(50080): см. предыдущее определение "DXGI_ERROR_NOT_FOUND"
     1>d:\program files\microsoft directx sdk (june 2010)\include\dxgitype.h(23): warning C4005: DXGI_ERROR_MORE_DATA: изменение макроопределения
                 c:\program files\windows kits\8.1\include\shared\winerror.h(50089): см. предыдущее определение "DXGI_ERROR_MORE_DATA"
     1>d:\program files\microsoft directx sdk (june 2010)\include\dxgitype.h(24): warning C4005: DXGI_ERROR_UNSUPPORTED: изменение макроопределения
                 c:\program files\windows kits\8.1\include\shared\winerror.h(50098): см. предыдущее определение "DXGI_ERROR_UNSUPPORTED"
     1>d:\program files\microsoft directx sdk (june 2010)\include\dxgitype.h(25): warning C4005: DXGI_ERROR_DEVICE_REMOVED: изменение макроопределения
                 c:\program files\windows kits\8.1\include\shared\winerror.h(50107): см. предыдущее определение "DXGI_ERROR_DEVICE_REMOVED"
     1>d:\program files\microsoft directx sdk (june 2010)\include\dxgitype.h(26): warning C4005: DXGI_ERROR_DEVICE_HUNG: изменение макроопределения
                 c:\program files\windows kits\8.1\include\shared\winerror.h(50116): см. предыдущее определение "DXGI_ERROR_DEVICE_HUNG"
     1>d:\program files\microsoft directx sdk (june 2010)\include\dxgitype.h(27): warning C4005: DXGI_ERROR_DEVICE_RESET: изменение макроопределения
                 c:\program files\windows kits\8.1\include\shared\winerror.h(50126): см. предыдущее определение "DXGI_ERROR_DEVICE_RESET"
     1>d:\program files\microsoft directx sdk (june 2010)\include\dxgitype.h(28): warning C4005: DXGI_ERROR_WAS_STILL_DRAWING: изменение макроопределения
                 c:\program files\windows kits\8.1\include\shared\winerror.h(50135): см. предыдущее определение "DXGI_ERROR_WAS_STILL_DRAWING"
     1>d:\program files\microsoft directx sdk (june 2010)\include\dxgitype.h(29): warning C4005: DXGI_ERROR_FRAME_STATISTICS_DISJOINT: изменение макроопределения
                 c:\program files\windows kits\8.1\include\shared\winerror.h(50145): см. предыдущее определение "DXGI_ERROR_FRAME_STATISTICS_DISJOINT"
     1>d:\program files\microsoft directx sdk (june 2010)\include\dxgitype.h(30): warning C4005: DXGI_ERROR_GRAPHICS_VIDPN_SOURCE_IN_USE: изменение макроопределения
                 c:\program files\windows kits\8.1\include\shared\winerror.h(50154): см. предыдущее определение "DXGI_ERROR_GRAPHICS_VIDPN_SOURCE_IN_USE"
     1>d:\program files\microsoft directx sdk (june 2010)\include\dxgitype.h(31): warning C4005: DXGI_ERROR_DRIVER_INTERNAL_ERROR: изменение макроопределения
                 c:\program files\windows kits\8.1\include\shared\winerror.h(50164): см. предыдущее определение "DXGI_ERROR_DRIVER_INTERNAL_ERROR"
     1>d:\program files\microsoft directx sdk (june 2010)\include\dxgitype.h(32): warning C4005: DXGI_ERROR_NONEXCLUSIVE: изменение макроопределения
                 c:\program files\windows kits\8.1\include\shared\winerror.h(50173): см. предыдущее определение "DXGI_ERROR_NONEXCLUSIVE"
     1>d:\program files\microsoft directx sdk (june 2010)\include\dxgitype.h(33): warning C4005: DXGI_ERROR_NOT_CURRENTLY_AVAILABLE: изменение макроопределения
                 c:\program files\windows kits\8.1\include\shared\winerror.h(50182): см. предыдущее определение "DXGI_ERROR_NOT_CURRENTLY_AVAILABLE"
     1>d:\program files\microsoft directx sdk (june 2010)\include\dxgitype.h(34): warning C4005: DXGI_ERROR_REMOTE_CLIENT_DISCONNECTED: изменение макроопределения
                 c:\program files\windows kits\8.1\include\shared\winerror.h(50192): см. предыдущее определение "DXGI_ERROR_REMOTE_CLIENT_DISCONNECTED"
     1>d:\program files\microsoft directx sdk (june 2010)\include\dxgitype.h(35): warning C4005: DXGI_ERROR_REMOTE_OUTOFMEMORY: изменение макроопределения
                 c:\program files\windows kits\8.1\include\shared\winerror.h(50201): см. предыдущее определение "DXGI_ERROR_REMOTE_OUTOFMEMORY"
     1>d:\program files\microsoft directx sdk (june 2010)\include\d3d11.h(917): warning C4005: D3D11_ERROR_TOO_MANY_UNIQUE_STATE_OBJECTS: изменение макроопределения
                 c:\program files\windows kits\8.1\include\shared\winerror.h(50379): см. предыдущее определение "D3D11_ERROR_TOO_MANY_UNIQUE_STATE_OBJECTS"
     1>d:\program files\microsoft directx sdk (june 2010)\include\d3d11.h(918): warning C4005: D3D11_ERROR_FILE_NOT_FOUND: изменение макроопределения
                 c:\program files\windows kits\8.1\include\shared\winerror.h(50388): см. предыдущее определение "D3D11_ERROR_FILE_NOT_FOUND"
     1>d:\program files\microsoft directx sdk (june 2010)\include\d3d11.h(919): warning C4005: D3D11_ERROR_TOO_MANY_UNIQUE_VIEW_OBJECTS: изменение макроопределения
                 c:\program files\windows kits\8.1\include\shared\winerror.h(50398): см. предыдущее определение "D3D11_ERROR_TOO_MANY_UNIQUE_VIEW_OBJECTS"
     1>d:\program files\microsoft directx sdk (june 2010)\include\d3d11.h(920): warning C4005: D3D11_ERROR_DEFERRED_CONTEXT_MAP_WITHOUT_INITIAL_DISCARD: изменение макроопределения
                 c:\program files\windows kits\8.1\include\shared\winerror.h(50407): см. предыдущее определение "D3D11_ERROR_DEFERRED_CONTEXT_MAP_WITHOUT_INITIAL_DISCARD"
     1>d:\program files\microsoft directx sdk (june 2010)\include\d3d10.h(608): warning C4005: D3D10_ERROR_TOO_MANY_UNIQUE_STATE_OBJECTS: изменение макроопределения
                 c:\program files\windows kits\8.1\include\shared\winerror.h(50355): см. предыдущее определение "D3D10_ERROR_TOO_MANY_UNIQUE_STATE_OBJECTS"
     1>d:\program files\microsoft directx sdk (june 2010)\include\d3d10.h(609): warning C4005: D3D10_ERROR_FILE_NOT_FOUND: изменение макроопределения
                 c:\program files\windows kits\8.1\include\shared\winerror.h(50364): см. предыдущее определение "D3D10_ERROR_FILE_NOT_FOUND"
       Link:
         D:\Program Files\Microsoft Visual Studio 12.0\VC\bin\link.exe /ERRORREPORT:PROMPT /OUT:"D:\Documents\GitHub\directx11\Debug\directx11.exe" /INCREMENTAL /NOLOGO kernel32.lib user32.lib gdi32.lib winspool.lib comdlg32.lib advapi32.lib shell32.lib ole32.lib oleaut32.lib uuid.lib odbc32.lib odbccp32.lib /MANIFEST /MANIFESTUAC:"level='asInvoker' uiAccess='false'" /manifest:embed /DEBUG /PDB:"D:\Documents\GitHub\directx11\Debug\directx11.pdb" /SUBSYSTEM:WINDOWS /TLBID:1 /DYNAMICBASE /NXCOMPAT /IMPLIB:"D:\Documents\GitHub\directx11\Debug\directx11.lib" /MACHINE:X86 Debug\d3dclass.obj
         Debug\graphicclass.obj
         Debug\inputclass.obj
         Debug\main.obj
         Debug\systemclass.obj
         directx11.vcxproj -> D:\Documents\GitHub\directx11\Debug\directx11.exe
     1>Сборка проекта "D:\Documents\GitHub\directx11\directx11\directx11.vcxproj" завершена (целевые объекты Build).

Сборка успешно завершена.

Затраченное время: 00:00:03.48
